==> loading configs from ['configs/shapenet/pvcnn/c1.py']
/apps/eb/Python/3.8.6-GCCcore-10.2.0/lib/python3.8/site-packages/setuptools/distutils_patch.py:25: UserWarning: Distutils was imported before Setuptools. This usage is discouraged and may exhibit undesirable behaviors or errors. Please use Setuptools' objects directly or at least import Setuptools first.
  warnings.warn(
/apps/eb/PyTorch/1.10.0-fosscuda-2020b-Python-3.8.6/lib/python3.8/site-packages/torch/utils/cpp_extension.py:295: UserWarning: 

                               !! WARNING !!

!!!!!!!!!!!!!!!!!!!!!!!!!!!!!!!!!!!!!!!!!!!!!!!!!!!!!!!!!!!!!!!!!!!!!!!!!!!!!!!
Your compiler (c++) is not compatible with the compiler Pytorch was
built with for this platform, which is g++ on linux. Please
use g++ to to compile your extension. Alternatively, you may
compile PyTorch from source using c++, and then you can also use
c++ to compile your extension.

See https://github.com/pytorch/pytorch/blob/master/CONTRIBUTING.md for help
with compiling PyTorch from source.
!!!!!!!!!!!!!!!!!!!!!!!!!!!!!!!!!!!!!!!!!!!!!!!!!!!!!!!!!!!!!!!!!!!!!!!!!!!!!!!

                              !! WARNING !!

  warnings.warn(WRONG_COMPILER_WARNING.format(
[seed] = 1588147245
[deterministic] = False
[data]
  [num_workers] = 1
  [num_classes] = 3
  [num_shapes] = 1
[dataset]
  [func] = <class 'datasets.shapenet.ShapeNet'>
  [root] = /scratch/fs47816/point_cloud_data/shapenetcore_partanno_segmentation_benchmark_v0_normal
  [with_normal] = False
  [with_one_hot_shape_id] = True
  [normalize] = True
  [jitter] = False
  [num_points] = 100000
  [split] = test
[evaluate]
  [fn] = <function evaluate at 0x2baa10419e50>
  [num_votes] = 1
  [dataset]
    [split] = test
  [best_checkpoint_path] = runs/shapenet.pvcnn.c1/best.pth.tar
  [predictions_path] = runs/shapenet.pvcnn.c1/best.predictions
  [stats_path] = runs/shapenet.pvcnn.c1/best.eval.npy
[train]
  [num_epochs] = 200
  [batch_size] = 1
  [meters]
    [acc/iou_{}]
      [func] = <class 'meters.shapenet.MeterShapeNet'>
      [num_classes] = 3
  [metric] = acc/iou_test
  [criterion]
    [func] = <class 'torch.nn.modules.loss.CrossEntropyLoss'>
  [optimizer]
    [func] = <class 'torch.optim.adam.Adam'>
    [lr] = 0.001
  [scheduler]
    [func] = <class 'torch.optim.lr_scheduler.CosineAnnealingLR'>
    [T_max] = 200
  [save_path] = runs/shapenet.pvcnn.c1
[model]
  [func] = <class 'models.shapenet.pvcnn.PVCNN'>
  [num_classes] = 3
  [num_shapes] = 1
  [extra_feature_channels] = 0
[device] = cuda
[device_ids] = [0]

==> loading dataset "[func] = <class 'datasets.shapenet.ShapeNet'>
[root] = /scratch/fs47816/point_cloud_data/shapenetcore_partanno_segmentation_benchmark_v0_normal
[with_normal] = False
[with_one_hot_shape_id] = True
[normalize] = True
[jitter] = False
[num_points] = 100000
[split] = test"

==> creating model "[func] = <class 'models.shapenet.pvcnn.PVCNN'>
[num_classes] = 3
[num_shapes] = 1
[extra_feature_channels] = 0"
==> loading checkpoint "runs/shapenet.pvcnn.c1/best.pth.tar"
Mem of model in bytes:  4932612
eval:   0% 0/9 [00:00<?, ?it/s]eval:  11% 1/9 [00:07<00:57,  7.15s/it]eval:  22% 2/9 [00:11<00:36,  5.25s/it]eval:  33% 3/9 [00:14<00:27,  4.54s/it]eval:  44% 4/9 [00:20<00:24,  4.82s/it]eval:  56% 5/9 [00:24<00:18,  4.57s/it]eval:  67% 6/9 [00:28<00:13,  4.44s/it]eval:  78% 7/9 [00:33<00:09,  4.80s/it]eval:  89% 8/9 [00:38<00:04,  4.81s/it]eval: 100% 9/9 [00:42<00:00,  4.53s/it]eval: 100% 9/9 [00:42<00:00,  4.73s/it]
--- 3.300849199295044 seconds ---
************************************************************************************ output_plant/0_gt.txt
************************************************************************************ output_plant/0_pred.txt
************************************************************************************ output_plant/0_diff.txt
torch.cuda.max_memory_allocated() 4329984512
--- 0.27040696144104004 seconds ---
************************************************************************************ output_plant/2_gt.txt
************************************************************************************ output_plant/2_pred.txt
************************************************************************************ output_plant/2_diff.txt
torch.cuda.max_memory_allocated() 4330384384
--- 0.2685427665710449 seconds ---
************************************************************************************ output_plant/4_gt.txt
************************************************************************************ output_plant/4_pred.txt
************************************************************************************ output_plant/4_diff.txt
torch.cuda.max_memory_allocated() 4329984512
--- 0.24832367897033691 seconds ---
************************************************************************************ output_plant/6_gt.txt
************************************************************************************ output_plant/6_pred.txt
************************************************************************************ output_plant/6_diff.txt
torch.cuda.max_memory_allocated() 4330384384
--- 0.24700713157653809 seconds ---
************************************************************************************ output_plant/8_gt.txt
************************************************************************************ output_plant/8_pred.txt
************************************************************************************ output_plant/8_diff.txt
torch.cuda.max_memory_allocated() 4329984512
--- 0.24355363845825195 seconds ---
************************************************************************************ output_plant/10_gt.txt
************************************************************************************ output_plant/10_pred.txt
************************************************************************************ output_plant/10_diff.txt
torch.cuda.max_memory_allocated() 4330384384
--- 0.2618379592895508 seconds ---
************************************************************************************ output_plant/12_gt.txt
************************************************************************************ output_plant/12_pred.txt
************************************************************************************ output_plant/12_diff.txt
torch.cuda.max_memory_allocated() 4329984512
--- 0.2505321502685547 seconds ---
************************************************************************************ output_plant/14_gt.txt
************************************************************************************ output_plant/14_pred.txt
************************************************************************************ output_plant/14_diff.txt
torch.cuda.max_memory_allocated() 4330384384
--- 0.24820876121520996 seconds ---
************************************************************************************ output_plant/16_gt.txt
************************************************************************************ output_plant/16_pred.txt
************************************************************************************ output_plant/16_diff.txt
torch.cuda.max_memory_allocated() 4329984512
clssIoU:    86.40
meanIoU: 86.40
shapeIoU:    86.40
clssPrec:    86.82     90.42     98.57
clssRecall:    98.81     86.88     95.66
clssIoU:    85.90     78.96     94.35
Accuracy: 94.80
meanIoU: 86.40
time_consumption:  [3.300849199295044, 0.27040696144104004, 0.2685427665710449, 0.24832367897033691, 0.24700713157653809, 0.24355363845825195, 0.2618379592895508, 0.2505321502685547, 0.24820876121520996]
memory_consumption:  [4329984512, 4330384384, 4329984512, 4330384384, 4329984512, 4330384384, 4329984512, 4330384384, 4329984512]
