==> loading configs from ['configs/shapenet/pvcnn/c1.py']
/apps/eb/Python/3.8.6-GCCcore-10.2.0/lib/python3.8/site-packages/setuptools/distutils_patch.py:25: UserWarning: Distutils was imported before Setuptools. This usage is discouraged and may exhibit undesirable behaviors or errors. Please use Setuptools' objects directly or at least import Setuptools first.
  warnings.warn(
/apps/eb/PyTorch/1.10.0-fosscuda-2020b-Python-3.8.6/lib/python3.8/site-packages/torch/utils/cpp_extension.py:295: UserWarning: 

                               !! WARNING !!

!!!!!!!!!!!!!!!!!!!!!!!!!!!!!!!!!!!!!!!!!!!!!!!!!!!!!!!!!!!!!!!!!!!!!!!!!!!!!!!
Your compiler (c++) is not compatible with the compiler Pytorch was
built with for this platform, which is g++ on linux. Please
use g++ to to compile your extension. Alternatively, you may
compile PyTorch from source using c++, and then you can also use
c++ to compile your extension.

See https://github.com/pytorch/pytorch/blob/master/CONTRIBUTING.md for help
with compiling PyTorch from source.
!!!!!!!!!!!!!!!!!!!!!!!!!!!!!!!!!!!!!!!!!!!!!!!!!!!!!!!!!!!!!!!!!!!!!!!!!!!!!!!

                              !! WARNING !!

  warnings.warn(WRONG_COMPILER_WARNING.format(
[seed] = 1588147245
[deterministic] = False
[data]
  [num_workers] = 1
  [num_classes] = 3
  [num_shapes] = 1
[dataset]
  [func] = <class 'datasets.shapenet.ShapeNet'>
  [root] = /scratch/fs47816/point_cloud_data/shapenetcore_partanno_segmentation_benchmark_v0_normal
  [with_normal] = False
  [with_one_hot_shape_id] = True
  [normalize] = True
  [jitter] = False
  [num_points] = 100000
  [split] = test
[evaluate]
  [fn] = <function evaluate at 0x2abd4b605e50>
  [num_votes] = 1
  [dataset]
    [split] = test
  [best_checkpoint_path] = runs/shapenet.pvcnn.c1/best.pth.tar
  [predictions_path] = runs/shapenet.pvcnn.c1/best.predictions
  [stats_path] = runs/shapenet.pvcnn.c1/best.eval.npy
[train]
  [num_epochs] = 200
  [batch_size] = 1
  [meters]
    [acc/iou_{}]
      [func] = <class 'meters.shapenet.MeterShapeNet'>
      [num_classes] = 3
  [metric] = acc/iou_test
  [criterion]
    [func] = <class 'torch.nn.modules.loss.CrossEntropyLoss'>
  [optimizer]
    [func] = <class 'torch.optim.adam.Adam'>
    [lr] = 0.001
  [scheduler]
    [func] = <class 'torch.optim.lr_scheduler.CosineAnnealingLR'>
    [T_max] = 200
  [save_path] = runs/shapenet.pvcnn.c1
[model]
  [func] = <class 'models.shapenet.pvcnn.PVCNN'>
  [num_classes] = 3
  [num_shapes] = 1
  [extra_feature_channels] = 0
[device] = cuda
[device_ids] = [0]

==> loading dataset "[func] = <class 'datasets.shapenet.ShapeNet'>
[root] = /scratch/fs47816/point_cloud_data/shapenetcore_partanno_segmentation_benchmark_v0_normal
[with_normal] = False
[with_one_hot_shape_id] = True
[normalize] = True
[jitter] = False
[num_points] = 100000
[split] = test"

==> creating model "[func] = <class 'models.shapenet.pvcnn.PVCNN'>
[num_classes] = 3
[num_shapes] = 1
[extra_feature_channels] = 0"
==> loading checkpoint "runs/shapenet.pvcnn.c1/best.pth.tar"
Mem of model in bytes:  11257068
eval:   0% 0/9 [00:00<?, ?it/s]eval:  11% 1/9 [00:09<01:17,  9.74s/it]eval:  22% 2/9 [00:13<00:44,  6.31s/it]eval:  33% 3/9 [00:17<00:30,  5.17s/it]eval:  44% 4/9 [00:23<00:26,  5.34s/it]eval:  56% 5/9 [00:27<00:19,  4.90s/it]eval:  67% 6/9 [00:31<00:13,  4.54s/it]eval:  78% 7/9 [00:36<00:09,  4.82s/it]eval:  89% 8/9 [00:41<00:04,  4.75s/it]eval: 100% 9/9 [00:45<00:00,  4.55s/it]eval: 100% 9/9 [00:45<00:00,  5.01s/it]
--- 6.37534499168396 seconds ---
************************************************************************************ output_plant/0_gt.txt
************************************************************************************ output_plant/0_pred.txt
************************************************************************************ output_plant/0_diff.txt
torch.cuda.max_memory_allocated() 7025070080
--- 1.0125665664672852 seconds ---
************************************************************************************ output_plant/2_gt.txt
************************************************************************************ output_plant/2_pred.txt
************************************************************************************ output_plant/2_diff.txt
torch.cuda.max_memory_allocated() 4590677504
--- 1.0296955108642578 seconds ---
************************************************************************************ output_plant/4_gt.txt
************************************************************************************ output_plant/4_pred.txt
************************************************************************************ output_plant/4_diff.txt
torch.cuda.max_memory_allocated() 4590277632
--- 0.9813179969787598 seconds ---
************************************************************************************ output_plant/6_gt.txt
************************************************************************************ output_plant/6_pred.txt
************************************************************************************ output_plant/6_diff.txt
torch.cuda.max_memory_allocated() 4590677504
--- 0.9841156005859375 seconds ---
************************************************************************************ output_plant/8_gt.txt
************************************************************************************ output_plant/8_pred.txt
************************************************************************************ output_plant/8_diff.txt
torch.cuda.max_memory_allocated() 4590277632
--- 0.9791746139526367 seconds ---
************************************************************************************ output_plant/10_gt.txt
************************************************************************************ output_plant/10_pred.txt
************************************************************************************ output_plant/10_diff.txt
torch.cuda.max_memory_allocated() 4590677504
--- 1.0136282444000244 seconds ---
************************************************************************************ output_plant/12_gt.txt
************************************************************************************ output_plant/12_pred.txt
************************************************************************************ output_plant/12_diff.txt
torch.cuda.max_memory_allocated() 4590277632
--- 0.9983651638031006 seconds ---
************************************************************************************ output_plant/14_gt.txt
************************************************************************************ output_plant/14_pred.txt
************************************************************************************ output_plant/14_diff.txt
torch.cuda.max_memory_allocated() 4590677504
--- 0.9870731830596924 seconds ---
************************************************************************************ output_plant/16_gt.txt
************************************************************************************ output_plant/16_pred.txt
************************************************************************************ output_plant/16_diff.txt
torch.cuda.max_memory_allocated() 4590277632
clssIoU:    88.52
meanIoU: 88.52
shapeIoU:    88.52
clssPrec:    89.94     93.53     98.12
clssRecall:    97.77     86.55     97.87
clssIoU:    88.22     81.26     96.08
Accuracy: 96.00
meanIoU: 88.52
time_consumption:  [6.37534499168396, 1.0125665664672852, 1.0296955108642578, 0.9813179969787598, 0.9841156005859375, 0.9791746139526367, 1.0136282444000244, 0.9983651638031006, 0.9870731830596924]
memory_consumption:  [7025070080, 4590677504, 4590277632, 4590677504, 4590277632, 4590677504, 4590277632, 4590677504, 4590277632]
