d:\farah\work\opengl\opengl\opengl\x64\debug\vc142.pdb
d:\farah\work\opengl\opengl\opengl\x64\debug\vc142.idb
d:\farah\work\opengl\opengl\opengl\x64\debug\vertexbuffer.obj
d:\farah\work\opengl\opengl\opengl\x64\debug\vertexarray.obj
d:\farah\work\opengl\opengl\opengl\x64\debug\stb_image.obj
d:\farah\work\opengl\opengl\opengl\x64\debug\imgui_widgets.obj
d:\farah\work\opengl\opengl\opengl\x64\debug\imgui_tables.obj
d:\farah\work\opengl\opengl\opengl\x64\debug\imgui_impl_opengl3.obj
d:\farah\work\opengl\opengl\opengl\x64\debug\imgui_impl_glfw.obj
d:\farah\work\opengl\opengl\opengl\x64\debug\imgui_draw.obj
d:\farah\work\opengl\opengl\opengl\x64\debug\imgui_demo.obj
d:\farah\work\opengl\opengl\opengl\x64\debug\imgui.obj
d:\farah\work\opengl\opengl\opengl\x64\debug\glm.obj
d:\farah\work\opengl\opengl\opengl\x64\debug\texture.obj
d:\farah\work\opengl\opengl\opengl\x64\debug\sphere.obj
d:\farah\work\opengl\opengl\opengl\x64\debug\shader.obj
d:\farah\work\opengl\opengl\opengl\x64\debug\renderer.obj
d:\farah\work\opengl\opengl\opengl\x64\debug\pointcloud.obj
d:\farah\work\opengl\opengl\opengl\x64\debug\indexbuffer.obj
d:\farah\work\opengl\opengl\opengl\x64\debug\icosphere.obj
d:\farah\work\opengl\opengl\opengl\x64\debug\bbox.obj
d:\farah\work\opengl\opengl\opengl\x64\debug\application.obj
d:\farah\work\opengl\opengl\opengl\x64\debug\tinyfiledialogs.obj
d:\farah\work\opengl\opengl\x64\debug\opengl.exe
d:\farah\work\opengl\opengl\opengl\x64\debug\opengl.ilk
d:\farah\work\opengl\opengl\x64\debug\opengl.pdb
d:\farah\work\opengl\opengl\opengl\x64\debug\application.obj.enc
d:\farah\work\opengl\opengl\opengl\x64\debug\bbox.new.obj.enc
d:\farah\work\opengl\opengl\opengl\x64\debug\opengl.tlog\cl.command.1.tlog
d:\farah\work\opengl\opengl\opengl\x64\debug\opengl.tlog\cl.read.1.tlog
d:\farah\work\opengl\opengl\opengl\x64\debug\opengl.tlog\cl.write.1.tlog
d:\farah\work\opengl\opengl\opengl\x64\debug\opengl.tlog\link.command.1.tlog
d:\farah\work\opengl\opengl\opengl\x64\debug\opengl.tlog\link.read.1.tlog
d:\farah\work\opengl\opengl\opengl\x64\debug\opengl.tlog\link.write.1.tlog
