c:\users\farah\work\visual_studio_projects\plantcloud\plantcloud\release\vc143.pdb
c:\users\farah\work\visual_studio_projects\plantcloud\plantcloud\release\vertexarray.obj
c:\users\farah\work\visual_studio_projects\plantcloud\plantcloud\release\stb_image.obj
c:\users\farah\work\visual_studio_projects\plantcloud\plantcloud\release\imgui_widgets.obj
c:\users\farah\work\visual_studio_projects\plantcloud\plantcloud\release\imgui_tables.obj
c:\users\farah\work\visual_studio_projects\plantcloud\plantcloud\release\imgui_impl_opengl3.obj
c:\users\farah\work\visual_studio_projects\plantcloud\plantcloud\release\imgui_impl_glfw.obj
c:\users\farah\work\visual_studio_projects\plantcloud\plantcloud\release\imgui_draw.obj
c:\users\farah\work\visual_studio_projects\plantcloud\plantcloud\release\imgui_demo.obj
c:\users\farah\work\visual_studio_projects\plantcloud\plantcloud\release\imgui.obj
c:\users\farah\work\visual_studio_projects\plantcloud\plantcloud\release\glm.obj
c:\users\farah\work\visual_studio_projects\plantcloud\plantcloud\release\texture.obj
c:\users\farah\work\visual_studio_projects\plantcloud\plantcloud\release\sphere.obj
c:\users\farah\work\visual_studio_projects\plantcloud\plantcloud\release\shader.obj
c:\users\farah\work\visual_studio_projects\plantcloud\plantcloud\release\renderer.obj
c:\users\farah\work\visual_studio_projects\plantcloud\plantcloud\release\pointcloud.obj
c:\users\farah\work\visual_studio_projects\plantcloud\plantcloud\release\indexbuffer.obj
c:\users\farah\work\visual_studio_projects\plantcloud\plantcloud\release\icosphere.obj
c:\users\farah\work\visual_studio_projects\plantcloud\plantcloud\release\bbox.obj
c:\users\farah\work\visual_studio_projects\plantcloud\plantcloud\release\application_orig.obj
c:\users\farah\work\visual_studio_projects\plantcloud\plantcloud\release\application.obj
c:\users\farah\work\visual_studio_projects\plantcloud\plantcloud\release\vertexbuffer.obj
c:\users\farah\work\visual_studio_projects\plantcloud\plantcloud\release\tinyfiledialogs.obj
c:\users\farah\work\visual_studio_projects\plantcloud\plantcloud\release\plantcloud.exe
c:\users\farah\work\visual_studio_projects\plantcloud\plantcloud\release\plantcloud.pdb
c:\users\farah\work\visual_studio_projects\plantcloud\plantcloud\release\plantcloud.ipdb
c:\users\farah\work\visual_studio_projects\plantcloud\plantcloud\release\plantcloud.iobj
c:\users\farah\work\visual_studio_projects\plantcloud\plantcloud\release\plantcloud.tlog\cl.command.1.tlog
c:\users\farah\work\visual_studio_projects\plantcloud\plantcloud\release\plantcloud.tlog\cl.items.tlog
c:\users\farah\work\visual_studio_projects\plantcloud\plantcloud\release\plantcloud.tlog\cl.read.1.tlog
c:\users\farah\work\visual_studio_projects\plantcloud\plantcloud\release\plantcloud.tlog\cl.write.1.tlog
c:\users\farah\work\visual_studio_projects\plantcloud\plantcloud\release\plantcloud.tlog\link.command.1.tlog
c:\users\farah\work\visual_studio_projects\plantcloud\plantcloud\release\plantcloud.tlog\link.read.1.tlog
c:\users\farah\work\visual_studio_projects\plantcloud\plantcloud\release\plantcloud.tlog\link.write.1.tlog
c:\users\farah\work\visual_studio_projects\plantcloud\plantcloud\release\plantcloud.tlog\link.write.2u.tlog
